<?xml version="1.0" encoding="UTF-8"?>
<!-- Generated by org.testng.reporters.JUnitReportReporter -->
<testsuite hostname="DESKTOP-CS8NEHB" name="com.ecommerce.project.ecommerce.test.WelcomeTest" tests="1" failures="0" timestamp="22 Aug 2019 16:47:38 GMT" time="23.012" errors="0">
  <testcase name="getTitleOfWelcomePage" time="23.012" classname="com.ecommerce.project.ecommerce.test.WelcomeTest"/>
</testsuite> <!-- com.ecommerce.project.ecommerce.test.WelcomeTest -->
