<?xml version="1.0" encoding="UTF-8"?>
<!-- Generated by org.testng.reporters.JUnitReportReporter -->
<testsuite hostname="DESKTOP-CS8NEHB" name="com.ecommerce.project.ecommerce.test.WelcomeTest" tests="1" failures="0" timestamp="23 Aug 2019 16:00:08 GMT" time="23.162" errors="0">
  <testcase name="getTitleOfWelcomePage" time="23.162" classname="com.ecommerce.project.ecommerce.test.WelcomeTest"/>
</testsuite> <!-- com.ecommerce.project.ecommerce.test.WelcomeTest -->
